#-----------------------------------------------------------
# Vivado v2018.2 (64-bit)
# SW Build 2258646 on Thu Jun 14 20:03:12 MDT 2018
# IP Build 2256618 on Thu Jun 14 22:10:49 MDT 2018
# Start of session at: Wed Jan  9 13:52:46 2019
# Process ID: 9900
# Current directory: D:/Universidad/4/1/Semaforocruce
# Command line: vivado.exe -gui_launcher_event rodinguilauncherevent18264 D:\Universidad\4\1\Semaforocruce\Semaforocruce.xpr
# Log file: D:/Universidad/4/1/Semaforocruce/vivado.log
# Journal file: D:/Universidad/4/1/Semaforocruce\vivado.jou
#-----------------------------------------------------------
start_gui
open_project D:/Universidad/4/1/Semaforocruce/Semaforocruce.xpr
Scanning sources...
Finished scanning sources
INFO: [IP_Flow 19-234] Refreshing IP repositories
INFO: [IP_Flow 19-1704] No user IP repositories specified
INFO: [IP_Flow 19-2313] Loaded Vivado IP repository 'C:/Xilinx/Vivado/2018.2/data/ip'.
open_project: Time (s): cpu = 00:00:10 ; elapsed = 00:00:06 . Memory (MB): peak = 794.945 ; gain = 54.961
update_compile_order -fileset sources_1
exit
INFO: [Common 17-206] Exiting Vivado at Wed Jan  9 13:55:31 2019...
