#-----------------------------------------------------------
# Vivado v2018.2 (64-bit)
# SW Build 2258646 on Thu Jun 14 20:03:12 MDT 2018
# IP Build 2256618 on Thu Jun 14 22:10:49 MDT 2018
# Start of session at: Mon Jan 21 01:07:25 2019
# Process ID: 8324
# Current directory: D:/Universidad/4/1/Semaforocruce
# Command line: vivado.exe -gui_launcher_event rodinguilauncherevent11532 D:\Universidad\4\1\Semaforocruce\Semaforocruce.xpr
# Log file: D:/Universidad/4/1/Semaforocruce/vivado.log
# Journal file: D:/Universidad/4/1/Semaforocruce\vivado.jou
#-----------------------------------------------------------
start_gui
open_project D:/Universidad/4/1/Semaforocruce/Semaforocruce.xpr
Scanning sources...
Finished scanning sources
INFO: [IP_Flow 19-234] Refreshing IP repositories
INFO: [IP_Flow 19-1704] No user IP repositories specified
INFO: [IP_Flow 19-2313] Loaded Vivado IP repository 'C:/Xilinx/Vivado/2018.2/data/ip'.
update_compile_order -fileset sources_1
launch_simulation
INFO: [Vivado 12-5682] Launching behavioral simulation in 'D:/Universidad/4/1/Semaforocruce/Semaforocruce.sim/sim_1/behav/xsim'
INFO: [SIM-utils-51] Simulation object is 'sim_1'
INFO: [SIM-utils-54] Inspecting design source files for 'semaforocruce2_tb' in fileset 'sim_1'...
INFO: [USF-XSim-97] Finding global include files...
INFO: [USF-XSim-98] Fetching design files from 'sim_1'...
INFO: [USF-XSim-2] XSim::Compile design
INFO: [USF-XSim-61] Executing 'COMPILE and ANALYZE' step in 'D:/Universidad/4/1/Semaforocruce/Semaforocruce.sim/sim_1/behav/xsim'
"xvhdl --incr --relax -prj semaforocruce2_tb_vhdl.prj"
INFO: [USF-XSim-69] 'compile' step finished in '1' seconds
INFO: [USF-XSim-3] XSim::Elaborate design
INFO: [USF-XSim-61] Executing 'ELABORATE' step in 'D:/Universidad/4/1/Semaforocruce/Semaforocruce.sim/sim_1/behav/xsim'
Vivado Simulator 2018.2
Copyright 1986-1999, 2001-2018 Xilinx, Inc. All Rights Reserved.
Running: C:/Xilinx/Vivado/2018.2/bin/unwrapped/win64.o/xelab.exe -wto a0427019e74e45bea18a302ae8751076 --incr --debug typical --relax --mt 2 -L xil_defaultlib -L secureip --snapshot semaforocruce2_tb_behav xil_defaultlib.semaforocruce2_tb -log elaborate.log 
Using 2 slave threads.
Starting static elaboration
Completed static elaboration
INFO: [XSIM 43-4323] No Change in HDL. Linking previously generated obj files to create kernel
INFO: [USF-XSim-69] 'elaborate' step finished in '2' seconds
INFO: [USF-XSim-4] XSim::Simulate design
INFO: [USF-XSim-61] Executing 'SIMULATE' step in 'D:/Universidad/4/1/Semaforocruce/Semaforocruce.sim/sim_1/behav/xsim'
INFO: [USF-XSim-98] *** Running xsim
   with args "semaforocruce2_tb_behav -key {Behavioral:sim_1:Functional:semaforocruce2_tb} -tclbatch {semaforocruce2_tb.tcl} -log {simulate.log}"
INFO: [USF-XSim-8] Loading simulator feature
Vivado Simulator 2018.2
Time resolution is 1 ps
source semaforocruce2_tb.tcl
# set curr_wave [current_wave_config]
# if { [string length $curr_wave] == 0 } {
#   if { [llength [get_objects]] > 0} {
#     add_wave /
#     set_property needs_save false [current_wave_config]
#   } else {
#      send_msg_id Add_Wave-1 WARNING "No top level signals found. Simulator will start without a wave window. If you want to open a wave window go to 'File->New Waveform Configuration' or type 'create_wave_config' in the TCL console."
#   }
# }
# run 1000ns
INFO: [USF-XSim-96] XSim completed. Design snapshot 'semaforocruce2_tb_behav' loaded.
INFO: [USF-XSim-97] XSim simulation ran for 1000ns
launch_simulation: Time (s): cpu = 00:00:07 ; elapsed = 00:00:07 . Memory (MB): peak = 815.180 ; gain = 24.484
close_sim
INFO: [Simtcl 6-16] Simulation closed
close_sim: Time (s): cpu = 00:00:01 ; elapsed = 00:00:06 . Memory (MB): peak = 835.105 ; gain = 5.355
launch_simulation
INFO: [Vivado 12-5682] Launching behavioral simulation in 'D:/Universidad/4/1/Semaforocruce/Semaforocruce.sim/sim_1/behav/xsim'
INFO: [SIM-utils-51] Simulation object is 'sim_1'
INFO: [SIM-utils-54] Inspecting design source files for 'semaforocruce2_tb' in fileset 'sim_1'...
INFO: [USF-XSim-97] Finding global include files...
INFO: [USF-XSim-98] Fetching design files from 'sim_1'...
INFO: [USF-XSim-2] XSim::Compile design
INFO: [USF-XSim-61] Executing 'COMPILE and ANALYZE' step in 'D:/Universidad/4/1/Semaforocruce/Semaforocruce.sim/sim_1/behav/xsim'
"xvhdl --incr --relax -prj semaforocruce2_tb_vhdl.prj"
INFO: [VRFC 10-163] Analyzing VHDL file "D:/Universidad/4/1/Semaforocruce/Semaforocruce.srcs/sources_1/new/semaforocruce2.vhd" into library xil_defaultlib
INFO: [VRFC 10-307] analyzing entity semaforocruce2
INFO: [USF-XSim-69] 'compile' step finished in '2' seconds
INFO: [USF-XSim-3] XSim::Elaborate design
INFO: [USF-XSim-61] Executing 'ELABORATE' step in 'D:/Universidad/4/1/Semaforocruce/Semaforocruce.sim/sim_1/behav/xsim'
Vivado Simulator 2018.2
Copyright 1986-1999, 2001-2018 Xilinx, Inc. All Rights Reserved.
Running: C:/Xilinx/Vivado/2018.2/bin/unwrapped/win64.o/xelab.exe -wto a0427019e74e45bea18a302ae8751076 --incr --debug typical --relax --mt 2 -L xil_defaultlib -L secureip --snapshot semaforocruce2_tb_behav xil_defaultlib.semaforocruce2_tb -log elaborate.log 
Using 2 slave threads.
Starting static elaboration
Completed static elaboration
Starting simulation data flow analysis
Completed simulation data flow analysis
Time Resolution for simulation is 1ps
Compiling package std.standard
Compiling package std.textio
Compiling package ieee.std_logic_1164
Compiling package ieee.numeric_std
Compiling package unisim.vcomponents
Compiling package ieee.std_logic_arith
Compiling package ieee.std_logic_unsigned
Compiling architecture behavioral of entity xil_defaultlib.semaforocruce2 [semaforocruce2_default]
Compiling architecture behavioral of entity xil_defaultlib.semaforocruce2_tb
Built simulation snapshot semaforocruce2_tb_behav
INFO: [USF-XSim-69] 'elaborate' step finished in '2' seconds
INFO: [USF-XSim-4] XSim::Simulate design
INFO: [USF-XSim-61] Executing 'SIMULATE' step in 'D:/Universidad/4/1/Semaforocruce/Semaforocruce.sim/sim_1/behav/xsim'
INFO: [USF-XSim-98] *** Running xsim
   with args "semaforocruce2_tb_behav -key {Behavioral:sim_1:Functional:semaforocruce2_tb} -tclbatch {semaforocruce2_tb.tcl} -log {simulate.log}"
INFO: [USF-XSim-8] Loading simulator feature
Vivado Simulator 2018.2
Time resolution is 1 ps
source semaforocruce2_tb.tcl
# set curr_wave [current_wave_config]
# if { [string length $curr_wave] == 0 } {
#   if { [llength [get_objects]] > 0} {
#     add_wave /
#     set_property needs_save false [current_wave_config]
#   } else {
#      send_msg_id Add_Wave-1 WARNING "No top level signals found. Simulator will start without a wave window. If you want to open a wave window go to 'File->New Waveform Configuration' or type 'create_wave_config' in the TCL console."
#   }
# }
# run 1000ns
INFO: [USF-XSim-96] XSim completed. Design snapshot 'semaforocruce2_tb_behav' loaded.
INFO: [USF-XSim-97] XSim simulation ran for 1000ns
launch_simulation: Time (s): cpu = 00:00:04 ; elapsed = 00:00:08 . Memory (MB): peak = 835.105 ; gain = 0.000
set_property top sem1 [current_fileset]
update_compile_order -fileset sources_1
set_property top semaforo1_tb [get_filesets sim_1]
set_property top_lib xil_defaultlib [get_filesets sim_1]
update_compile_order -fileset sim_1
launch_simulation
INFO: [Vivado 12-5682] Launching behavioral simulation in 'D:/Universidad/4/1/Semaforocruce/Semaforocruce.sim/sim_1/behav/xsim'
INFO: [SIM-utils-51] Simulation object is 'sim_1'
INFO: [SIM-utils-54] Inspecting design source files for 'semaforo1_tb' in fileset 'sim_1'...
INFO: [USF-XSim-97] Finding global include files...
INFO: [USF-XSim-98] Fetching design files from 'sim_1'...
INFO: [USF-XSim-2] XSim::Compile design
INFO: [USF-XSim-61] Executing 'COMPILE and ANALYZE' step in 'D:/Universidad/4/1/Semaforocruce/Semaforocruce.sim/sim_1/behav/xsim'
"xvhdl --incr --relax -prj semaforo1_tb_vhdl.prj"
INFO: [VRFC 10-163] Analyzing VHDL file "D:/Universidad/4/1/semaforo1_tb.vhd" into library xil_defaultlib
INFO: [VRFC 10-307] analyzing entity semaforo1_tb
INFO: [USF-XSim-69] 'compile' step finished in '2' seconds
INFO: [USF-XSim-3] XSim::Elaborate design
INFO: [USF-XSim-61] Executing 'ELABORATE' step in 'D:/Universidad/4/1/Semaforocruce/Semaforocruce.sim/sim_1/behav/xsim'
Vivado Simulator 2018.2
Copyright 1986-1999, 2001-2018 Xilinx, Inc. All Rights Reserved.
Running: C:/Xilinx/Vivado/2018.2/bin/unwrapped/win64.o/xelab.exe -wto a0427019e74e45bea18a302ae8751076 --incr --debug typical --relax --mt 2 -L xil_defaultlib -L secureip --snapshot semaforo1_tb_behav xil_defaultlib.semaforo1_tb -log elaborate.log 
Using 2 slave threads.
Starting static elaboration
WARNING: [VRFC 10-122] semaforo1 remains a black-box since it has no binding entity [D:/Universidad/4/1/semaforo1_tb.vhd:46]
Completed static elaboration
Starting simulation data flow analysis
Completed simulation data flow analysis
Time Resolution for simulation is 1ps
Compiling package std.standard
Compiling package std.textio
Compiling package ieee.std_logic_1164
Compiling architecture behavioral of entity xil_defaultlib.semaforo1_tb
Built simulation snapshot semaforo1_tb_behav

****** Webtalk v2018.2 (64-bit)
  **** SW Build 2258646 on Thu Jun 14 20:03:12 MDT 2018
  **** IP Build 2256618 on Thu Jun 14 22:10:49 MDT 2018
    ** Copyright 1986-2018 Xilinx, Inc. All Rights Reserved.

source D:/Universidad/4/1/Semaforocruce/Semaforocruce.sim/sim_1/behav/xsim/xsim.dir/semaforo1_tb_behav/webtalk/xsim_webtalk.tcl -notrace
INFO: [Common 17-186] 'D:/Universidad/4/1/Semaforocruce/Semaforocruce.sim/sim_1/behav/xsim/xsim.dir/semaforo1_tb_behav/webtalk/usage_statistics_ext_xsim.xml' has been successfully sent to Xilinx on Mon Jan 21 01:19:15 2019. For additional details about this file, please refer to the WebTalk help file at C:/Xilinx/Vivado/2018.2/doc/webtalk_introduction.html.
INFO: [Common 17-206] Exiting Webtalk at Mon Jan 21 01:19:15 2019...
run_program: Time (s): cpu = 00:00:00 ; elapsed = 00:00:06 . Memory (MB): peak = 835.105 ; gain = 0.000
INFO: [USF-XSim-69] 'elaborate' step finished in '6' seconds
INFO: [USF-XSim-4] XSim::Simulate design
INFO: [USF-XSim-61] Executing 'SIMULATE' step in 'D:/Universidad/4/1/Semaforocruce/Semaforocruce.sim/sim_1/behav/xsim'
INFO: [USF-XSim-98] *** Running xsim
   with args "semaforo1_tb_behav -key {Behavioral:sim_1:Functional:semaforo1_tb} -tclbatch {semaforo1_tb.tcl} -log {simulate.log}"
INFO: [USF-XSim-8] Loading simulator feature
Vivado Simulator 2018.2
Time resolution is 1 ps
source semaforo1_tb.tcl
# set curr_wave [current_wave_config]
# if { [string length $curr_wave] == 0 } {
#   if { [llength [get_objects]] > 0} {
#     add_wave /
#     set_property needs_save false [current_wave_config]
#   } else {
#      send_msg_id Add_Wave-1 WARNING "No top level signals found. Simulator will start without a wave window. If you want to open a wave window go to 'File->New Waveform Configuration' or type 'create_wave_config' in the TCL console."
#   }
# }
# run 1000ns
INFO: [USF-XSim-96] XSim completed. Design snapshot 'semaforo1_tb_behav' loaded.
INFO: [USF-XSim-97] XSim simulation ran for 1000ns
launch_simulation: Time (s): cpu = 00:00:03 ; elapsed = 00:00:10 . Memory (MB): peak = 846.109 ; gain = 11.004
close_sim
INFO: [Simtcl 6-16] Simulation closed
close_sim: Time (s): cpu = 00:00:00 ; elapsed = 00:00:05 . Memory (MB): peak = 849.422 ; gain = 0.000
launch_simulation
INFO: [Vivado 12-5682] Launching behavioral simulation in 'D:/Universidad/4/1/Semaforocruce/Semaforocruce.sim/sim_1/behav/xsim'
INFO: [SIM-utils-51] Simulation object is 'sim_1'
INFO: [SIM-utils-54] Inspecting design source files for 'semaforo1_tb' in fileset 'sim_1'...
INFO: [USF-XSim-97] Finding global include files...
INFO: [USF-XSim-98] Fetching design files from 'sim_1'...
INFO: [USF-XSim-2] XSim::Compile design
INFO: [USF-XSim-61] Executing 'COMPILE and ANALYZE' step in 'D:/Universidad/4/1/Semaforocruce/Semaforocruce.sim/sim_1/behav/xsim'
"xvhdl --incr --relax -prj semaforo1_tb_vhdl.prj"
INFO: [USF-XSim-69] 'compile' step finished in '2' seconds
INFO: [USF-XSim-3] XSim::Elaborate design
INFO: [USF-XSim-61] Executing 'ELABORATE' step in 'D:/Universidad/4/1/Semaforocruce/Semaforocruce.sim/sim_1/behav/xsim'
Vivado Simulator 2018.2
Copyright 1986-1999, 2001-2018 Xilinx, Inc. All Rights Reserved.
Running: C:/Xilinx/Vivado/2018.2/bin/unwrapped/win64.o/xelab.exe -wto a0427019e74e45bea18a302ae8751076 --incr --debug typical --relax --mt 2 -L xil_defaultlib -L secureip --snapshot semaforo1_tb_behav xil_defaultlib.semaforo1_tb -log elaborate.log 
Using 2 slave threads.
Starting static elaboration
WARNING: [VRFC 10-122] semaforo1 remains a black-box since it has no binding entity [D:/Universidad/4/1/semaforo1_tb.vhd:46]
Completed static elaboration
INFO: [XSIM 43-4323] No Change in HDL. Linking previously generated obj files to create kernel
INFO: [USF-XSim-69] 'elaborate' step finished in '1' seconds
INFO: [USF-XSim-4] XSim::Simulate design
INFO: [USF-XSim-61] Executing 'SIMULATE' step in 'D:/Universidad/4/1/Semaforocruce/Semaforocruce.sim/sim_1/behav/xsim'
INFO: [USF-XSim-98] *** Running xsim
   with args "semaforo1_tb_behav -key {Behavioral:sim_1:Functional:semaforo1_tb} -tclbatch {semaforo1_tb.tcl} -log {simulate.log}"
INFO: [USF-XSim-8] Loading simulator feature
Vivado Simulator 2018.2
Time resolution is 1 ps
source semaforo1_tb.tcl
# set curr_wave [current_wave_config]
# if { [string length $curr_wave] == 0 } {
#   if { [llength [get_objects]] > 0} {
#     add_wave /
#     set_property needs_save false [current_wave_config]
#   } else {
#      send_msg_id Add_Wave-1 WARNING "No top level signals found. Simulator will start without a wave window. If you want to open a wave window go to 'File->New Waveform Configuration' or type 'create_wave_config' in the TCL console."
#   }
# }
# run 1000ns
INFO: [USF-XSim-96] XSim completed. Design snapshot 'semaforo1_tb_behav' loaded.
INFO: [USF-XSim-97] XSim simulation ran for 1000ns
launch_simulation: Time (s): cpu = 00:00:03 ; elapsed = 00:00:05 . Memory (MB): peak = 849.422 ; gain = 0.000
set_property top semaforocruce2 [current_fileset]
update_compile_order -fileset sources_1
set_property top semaforocruce2_tb [get_filesets sim_1]
set_property top_lib xil_defaultlib [get_filesets sim_1]
update_compile_order -fileset sim_1
current_sim simulation_2
close_sim
INFO: [Simtcl 6-16] Simulation closed
launch_simulation
INFO: [Vivado 12-5682] Launching behavioral simulation in 'D:/Universidad/4/1/Semaforocruce/Semaforocruce.sim/sim_1/behav/xsim'
INFO: [SIM-utils-51] Simulation object is 'sim_1'
INFO: [SIM-utils-54] Inspecting design source files for 'semaforocruce2_tb' in fileset 'sim_1'...
INFO: [USF-XSim-97] Finding global include files...
INFO: [USF-XSim-98] Fetching design files from 'sim_1'...
INFO: [USF-XSim-2] XSim::Compile design
INFO: [USF-XSim-61] Executing 'COMPILE and ANALYZE' step in 'D:/Universidad/4/1/Semaforocruce/Semaforocruce.sim/sim_1/behav/xsim'
"xvhdl --incr --relax -prj semaforocruce2_tb_vhdl.prj"
INFO: [VRFC 10-163] Analyzing VHDL file "D:/Universidad/4/1/Semaforocruce/Semaforocruce.srcs/sim_1/new/semaforocruce2_tb.vhd" into library xil_defaultlib
INFO: [VRFC 10-307] analyzing entity semaforocruce2_tb
INFO: [USF-XSim-69] 'compile' step finished in '2' seconds
INFO: [USF-XSim-3] XSim::Elaborate design
INFO: [USF-XSim-61] Executing 'ELABORATE' step in 'D:/Universidad/4/1/Semaforocruce/Semaforocruce.sim/sim_1/behav/xsim'
Vivado Simulator 2018.2
Copyright 1986-1999, 2001-2018 Xilinx, Inc. All Rights Reserved.
Running: C:/Xilinx/Vivado/2018.2/bin/unwrapped/win64.o/xelab.exe -wto a0427019e74e45bea18a302ae8751076 --incr --debug typical --relax --mt 2 -L xil_defaultlib -L secureip --snapshot semaforocruce2_tb_behav xil_defaultlib.semaforocruce2_tb -log elaborate.log 
Using 2 slave threads.
Starting static elaboration
Completed static elaboration
Starting simulation data flow analysis
Completed simulation data flow analysis
Time Resolution for simulation is 1ps
Compiling package std.standard
Compiling package std.textio
Compiling package ieee.std_logic_1164
Compiling package ieee.numeric_std
Compiling package unisim.vcomponents
Compiling package ieee.std_logic_arith
Compiling package ieee.std_logic_unsigned
Compiling architecture behavioral of entity xil_defaultlib.semaforocruce2 [semaforocruce2_default]
Compiling architecture behavioral of entity xil_defaultlib.semaforocruce2_tb
Built simulation snapshot semaforocruce2_tb_behav
INFO: [USF-XSim-69] 'elaborate' step finished in '2' seconds
INFO: [USF-XSim-4] XSim::Simulate design
INFO: [USF-XSim-61] Executing 'SIMULATE' step in 'D:/Universidad/4/1/Semaforocruce/Semaforocruce.sim/sim_1/behav/xsim'
INFO: [USF-XSim-98] *** Running xsim
   with args "semaforocruce2_tb_behav -key {Behavioral:sim_1:Functional:semaforocruce2_tb} -tclbatch {semaforocruce2_tb.tcl} -log {simulate.log}"
INFO: [USF-XSim-8] Loading simulator feature
Vivado Simulator 2018.2
Time resolution is 1 ps
source semaforocruce2_tb.tcl
# set curr_wave [current_wave_config]
# if { [string length $curr_wave] == 0 } {
#   if { [llength [get_objects]] > 0} {
#     add_wave /
#     set_property needs_save false [current_wave_config]
#   } else {
#      send_msg_id Add_Wave-1 WARNING "No top level signals found. Simulator will start without a wave window. If you want to open a wave window go to 'File->New Waveform Configuration' or type 'create_wave_config' in the TCL console."
#   }
# }
# run 1000ns
INFO: [USF-XSim-96] XSim completed. Design snapshot 'semaforocruce2_tb_behav' loaded.
INFO: [USF-XSim-97] XSim simulation ran for 1000ns
launch_simulation: Time (s): cpu = 00:00:03 ; elapsed = 00:00:06 . Memory (MB): peak = 851.316 ; gain = 0.000
add_bp {D:/Universidad/4/1/Semaforocruce/Semaforocruce.srcs/sim_1/new/semaforocruce2_tb.vhd} 35
remove_bps -file {D:/Universidad/4/1/Semaforocruce/Semaforocruce.srcs/sim_1/new/semaforocruce2_tb.vhd} -line 35
close_sim
INFO: [Simtcl 6-16] Simulation closed
launch_simulation
INFO: [Vivado 12-5682] Launching behavioral simulation in 'D:/Universidad/4/1/Semaforocruce/Semaforocruce.sim/sim_1/behav/xsim'
INFO: [SIM-utils-51] Simulation object is 'sim_1'
INFO: [SIM-utils-54] Inspecting design source files for 'semaforocruce2_tb' in fileset 'sim_1'...
INFO: [USF-XSim-97] Finding global include files...
INFO: [USF-XSim-98] Fetching design files from 'sim_1'...
INFO: [USF-XSim-2] XSim::Compile design
INFO: [USF-XSim-61] Executing 'COMPILE and ANALYZE' step in 'D:/Universidad/4/1/Semaforocruce/Semaforocruce.sim/sim_1/behav/xsim'
"xvhdl --incr --relax -prj semaforocruce2_tb_vhdl.prj"
INFO: [VRFC 10-163] Analyzing VHDL file "D:/Universidad/4/1/Semaforocruce/Semaforocruce.srcs/sim_1/new/semaforocruce2_tb.vhd" into library xil_defaultlib
INFO: [VRFC 10-307] analyzing entity semaforocruce2_tb
INFO: [USF-XSim-69] 'compile' step finished in '1' seconds
INFO: [USF-XSim-3] XSim::Elaborate design
INFO: [USF-XSim-61] Executing 'ELABORATE' step in 'D:/Universidad/4/1/Semaforocruce/Semaforocruce.sim/sim_1/behav/xsim'
Vivado Simulator 2018.2
Copyright 1986-1999, 2001-2018 Xilinx, Inc. All Rights Reserved.
Running: C:/Xilinx/Vivado/2018.2/bin/unwrapped/win64.o/xelab.exe -wto a0427019e74e45bea18a302ae8751076 --incr --debug typical --relax --mt 2 -L xil_defaultlib -L secureip --snapshot semaforocruce2_tb_behav xil_defaultlib.semaforocruce2_tb -log elaborate.log 
Using 2 slave threads.
Starting static elaboration
Completed static elaboration
Starting simulation data flow analysis
Completed simulation data flow analysis
Time Resolution for simulation is 1ps
Compiling package std.standard
Compiling package std.textio
Compiling package ieee.std_logic_1164
Compiling package ieee.numeric_std
Compiling package unisim.vcomponents
Compiling package ieee.std_logic_arith
Compiling package ieee.std_logic_unsigned
Compiling architecture behavioral of entity xil_defaultlib.semaforocruce2 [semaforocruce2_default]
Compiling architecture behavioral of entity xil_defaultlib.semaforocruce2_tb
Built simulation snapshot semaforocruce2_tb_behav
INFO: [USF-XSim-69] 'elaborate' step finished in '2' seconds
INFO: [USF-XSim-4] XSim::Simulate design
INFO: [USF-XSim-61] Executing 'SIMULATE' step in 'D:/Universidad/4/1/Semaforocruce/Semaforocruce.sim/sim_1/behav/xsim'
INFO: [USF-XSim-98] *** Running xsim
   with args "semaforocruce2_tb_behav -key {Behavioral:sim_1:Functional:semaforocruce2_tb} -tclbatch {semaforocruce2_tb.tcl} -log {simulate.log}"
INFO: [USF-XSim-8] Loading simulator feature
Vivado Simulator 2018.2
Time resolution is 1 ps
source semaforocruce2_tb.tcl
# set curr_wave [current_wave_config]
# if { [string length $curr_wave] == 0 } {
#   if { [llength [get_objects]] > 0} {
#     add_wave /
#     set_property needs_save false [current_wave_config]
#   } else {
#      send_msg_id Add_Wave-1 WARNING "No top level signals found. Simulator will start without a wave window. If you want to open a wave window go to 'File->New Waveform Configuration' or type 'create_wave_config' in the TCL console."
#   }
# }
# run 1000ns
INFO: [USF-XSim-96] XSim completed. Design snapshot 'semaforocruce2_tb_behav' loaded.
INFO: [USF-XSim-97] XSim simulation ran for 1000ns
launch_simulation: Time (s): cpu = 00:00:03 ; elapsed = 00:00:06 . Memory (MB): peak = 851.898 ; gain = 0.582
close_sim
INFO: [Simtcl 6-16] Simulation closed
launch_simulation
INFO: [Vivado 12-5682] Launching behavioral simulation in 'D:/Universidad/4/1/Semaforocruce/Semaforocruce.sim/sim_1/behav/xsim'
INFO: [SIM-utils-51] Simulation object is 'sim_1'
INFO: [SIM-utils-54] Inspecting design source files for 'semaforocruce2_tb' in fileset 'sim_1'...
INFO: [USF-XSim-97] Finding global include files...
INFO: [USF-XSim-98] Fetching design files from 'sim_1'...
INFO: [USF-XSim-2] XSim::Compile design
INFO: [USF-XSim-61] Executing 'COMPILE and ANALYZE' step in 'D:/Universidad/4/1/Semaforocruce/Semaforocruce.sim/sim_1/behav/xsim'
"xvhdl --incr --relax -prj semaforocruce2_tb_vhdl.prj"
INFO: [VRFC 10-163] Analyzing VHDL file "D:/Universidad/4/1/Semaforocruce/Semaforocruce.srcs/sim_1/new/semaforocruce2_tb.vhd" into library xil_defaultlib
INFO: [VRFC 10-307] analyzing entity semaforocruce2_tb
INFO: [USF-XSim-69] 'compile' step finished in '1' seconds
INFO: [USF-XSim-3] XSim::Elaborate design
INFO: [USF-XSim-61] Executing 'ELABORATE' step in 'D:/Universidad/4/1/Semaforocruce/Semaforocruce.sim/sim_1/behav/xsim'
Vivado Simulator 2018.2
Copyright 1986-1999, 2001-2018 Xilinx, Inc. All Rights Reserved.
Running: C:/Xilinx/Vivado/2018.2/bin/unwrapped/win64.o/xelab.exe -wto a0427019e74e45bea18a302ae8751076 --incr --debug typical --relax --mt 2 -L xil_defaultlib -L secureip --snapshot semaforocruce2_tb_behav xil_defaultlib.semaforocruce2_tb -log elaborate.log 
Using 2 slave threads.
Starting static elaboration
Completed static elaboration
Starting simulation data flow analysis
Completed simulation data flow analysis
Time Resolution for simulation is 1ps
Compiling package std.standard
Compiling package std.textio
Compiling package ieee.std_logic_1164
Compiling package ieee.numeric_std
Compiling package unisim.vcomponents
Compiling package ieee.std_logic_arith
Compiling package ieee.std_logic_unsigned
Compiling architecture behavioral of entity xil_defaultlib.semaforocruce2 [semaforocruce2_default]
Compiling architecture behavioral of entity xil_defaultlib.semaforocruce2_tb
Built simulation snapshot semaforocruce2_tb_behav
INFO: [USF-XSim-69] 'elaborate' step finished in '2' seconds
INFO: [USF-XSim-4] XSim::Simulate design
INFO: [USF-XSim-61] Executing 'SIMULATE' step in 'D:/Universidad/4/1/Semaforocruce/Semaforocruce.sim/sim_1/behav/xsim'
INFO: [USF-XSim-98] *** Running xsim
   with args "semaforocruce2_tb_behav -key {Behavioral:sim_1:Functional:semaforocruce2_tb} -tclbatch {semaforocruce2_tb.tcl} -log {simulate.log}"
INFO: [USF-XSim-8] Loading simulator feature
Vivado Simulator 2018.2
Time resolution is 1 ps
source semaforocruce2_tb.tcl
# set curr_wave [current_wave_config]
# if { [string length $curr_wave] == 0 } {
#   if { [llength [get_objects]] > 0} {
#     add_wave /
#     set_property needs_save false [current_wave_config]
#   } else {
#      send_msg_id Add_Wave-1 WARNING "No top level signals found. Simulator will start without a wave window. If you want to open a wave window go to 'File->New Waveform Configuration' or type 'create_wave_config' in the TCL console."
#   }
# }
# run 1000ns
INFO: [USF-XSim-96] XSim completed. Design snapshot 'semaforocruce2_tb_behav' loaded.
INFO: [USF-XSim-97] XSim simulation ran for 1000ns
launch_simulation: Time (s): cpu = 00:00:04 ; elapsed = 00:00:06 . Memory (MB): peak = 855.637 ; gain = 0.000
set_property top sem1 [current_fileset]
set_property top semaforo1_tb [get_filesets sim_1]
set_property top_lib xil_defaultlib [get_filesets sim_1]
update_compile_order -fileset sources_1
update_compile_order -fileset sim_1
current_sim simulation_4
close_sim
INFO: [Simtcl 6-16] Simulation closed
launch_simulation
INFO: [Vivado 12-5682] Launching behavioral simulation in 'D:/Universidad/4/1/Semaforocruce/Semaforocruce.sim/sim_1/behav/xsim'
INFO: [SIM-utils-51] Simulation object is 'sim_1'
INFO: [SIM-utils-54] Inspecting design source files for 'semaforo1_tb' in fileset 'sim_1'...
INFO: [USF-XSim-97] Finding global include files...
INFO: [USF-XSim-98] Fetching design files from 'sim_1'...
INFO: [USF-XSim-2] XSim::Compile design
INFO: [USF-XSim-61] Executing 'COMPILE and ANALYZE' step in 'D:/Universidad/4/1/Semaforocruce/Semaforocruce.sim/sim_1/behav/xsim'
"xvhdl --incr --relax -prj semaforo1_tb_vhdl.prj"
INFO: [VRFC 10-163] Analyzing VHDL file "D:/Universidad/4/1/semaforo1_tb.vhd" into library xil_defaultlib
INFO: [VRFC 10-307] analyzing entity semaforo1_tb
INFO: [USF-XSim-69] 'compile' step finished in '2' seconds
INFO: [USF-XSim-3] XSim::Elaborate design
INFO: [USF-XSim-61] Executing 'ELABORATE' step in 'D:/Universidad/4/1/Semaforocruce/Semaforocruce.sim/sim_1/behav/xsim'
Vivado Simulator 2018.2
Copyright 1986-1999, 2001-2018 Xilinx, Inc. All Rights Reserved.
Running: C:/Xilinx/Vivado/2018.2/bin/unwrapped/win64.o/xelab.exe -wto a0427019e74e45bea18a302ae8751076 --incr --debug typical --relax --mt 2 -L xil_defaultlib -L secureip --snapshot semaforo1_tb_behav xil_defaultlib.semaforo1_tb -log elaborate.log 
Using 2 slave threads.
Starting static elaboration
WARNING: [VRFC 10-122] semaforo1 remains a black-box since it has no binding entity [D:/Universidad/4/1/semaforo1_tb.vhd:46]
Completed static elaboration
Starting simulation data flow analysis
Completed simulation data flow analysis
Time Resolution for simulation is 1ps
Compiling package std.standard
Compiling package std.textio
Compiling package ieee.std_logic_1164
Compiling architecture behavioral of entity xil_defaultlib.semaforo1_tb
Built simulation snapshot semaforo1_tb_behav
INFO: [USF-XSim-69] 'elaborate' step finished in '1' seconds
INFO: [USF-XSim-4] XSim::Simulate design
INFO: [USF-XSim-61] Executing 'SIMULATE' step in 'D:/Universidad/4/1/Semaforocruce/Semaforocruce.sim/sim_1/behav/xsim'
INFO: [USF-XSim-98] *** Running xsim
   with args "semaforo1_tb_behav -key {Behavioral:sim_1:Functional:semaforo1_tb} -tclbatch {semaforo1_tb.tcl} -log {simulate.log}"
INFO: [USF-XSim-8] Loading simulator feature
Vivado Simulator 2018.2
Time resolution is 1 ps
source semaforo1_tb.tcl
# set curr_wave [current_wave_config]
# if { [string length $curr_wave] == 0 } {
#   if { [llength [get_objects]] > 0} {
#     add_wave /
#     set_property needs_save false [current_wave_config]
#   } else {
#      send_msg_id Add_Wave-1 WARNING "No top level signals found. Simulator will start without a wave window. If you want to open a wave window go to 'File->New Waveform Configuration' or type 'create_wave_config' in the TCL console."
#   }
# }
# run 1000ns
INFO: [USF-XSim-96] XSim completed. Design snapshot 'semaforo1_tb_behav' loaded.
INFO: [USF-XSim-97] XSim simulation ran for 1000ns
launch_simulation: Time (s): cpu = 00:00:03 ; elapsed = 00:00:05 . Memory (MB): peak = 855.637 ; gain = 0.000
close_sim
INFO: [Simtcl 6-16] Simulation closed
launch_simulation
INFO: [Vivado 12-5682] Launching behavioral simulation in 'D:/Universidad/4/1/Semaforocruce/Semaforocruce.sim/sim_1/behav/xsim'
INFO: [SIM-utils-51] Simulation object is 'sim_1'
INFO: [SIM-utils-54] Inspecting design source files for 'semaforo1_tb' in fileset 'sim_1'...
INFO: [USF-XSim-97] Finding global include files...
INFO: [USF-XSim-98] Fetching design files from 'sim_1'...
INFO: [USF-XSim-2] XSim::Compile design
INFO: [USF-XSim-61] Executing 'COMPILE and ANALYZE' step in 'D:/Universidad/4/1/Semaforocruce/Semaforocruce.sim/sim_1/behav/xsim'
"xvhdl --incr --relax -prj semaforo1_tb_vhdl.prj"
INFO: [VRFC 10-163] Analyzing VHDL file "D:/Universidad/4/1/semaforo1_tb.vhd" into library xil_defaultlib
INFO: [VRFC 10-307] analyzing entity semaforo1_tb
INFO: [USF-XSim-69] 'compile' step finished in '2' seconds
INFO: [USF-XSim-3] XSim::Elaborate design
INFO: [USF-XSim-61] Executing 'ELABORATE' step in 'D:/Universidad/4/1/Semaforocruce/Semaforocruce.sim/sim_1/behav/xsim'
Vivado Simulator 2018.2
Copyright 1986-1999, 2001-2018 Xilinx, Inc. All Rights Reserved.
Running: C:/Xilinx/Vivado/2018.2/bin/unwrapped/win64.o/xelab.exe -wto a0427019e74e45bea18a302ae8751076 --incr --debug typical --relax --mt 2 -L xil_defaultlib -L secureip --snapshot semaforo1_tb_behav xil_defaultlib.semaforo1_tb -log elaborate.log 
Using 2 slave threads.
Starting static elaboration
WARNING: [VRFC 10-122] semaforo1 remains a black-box since it has no binding entity [D:/Universidad/4/1/semaforo1_tb.vhd:46]
Completed static elaboration
Starting simulation data flow analysis
Completed simulation data flow analysis
Time Resolution for simulation is 1ps
Compiling package std.standard
Compiling package std.textio
Compiling package ieee.std_logic_1164
Compiling architecture behavioral of entity xil_defaultlib.semaforo1_tb
Built simulation snapshot semaforo1_tb_behav
INFO: [USF-XSim-69] 'elaborate' step finished in '1' seconds
INFO: [USF-XSim-4] XSim::Simulate design
INFO: [USF-XSim-61] Executing 'SIMULATE' step in 'D:/Universidad/4/1/Semaforocruce/Semaforocruce.sim/sim_1/behav/xsim'
INFO: [USF-XSim-98] *** Running xsim
   with args "semaforo1_tb_behav -key {Behavioral:sim_1:Functional:semaforo1_tb} -tclbatch {semaforo1_tb.tcl} -log {simulate.log}"
INFO: [USF-XSim-8] Loading simulator feature
Vivado Simulator 2018.2
Time resolution is 1 ps
source semaforo1_tb.tcl
# set curr_wave [current_wave_config]
# if { [string length $curr_wave] == 0 } {
#   if { [llength [get_objects]] > 0} {
#     add_wave /
#     set_property needs_save false [current_wave_config]
#   } else {
#      send_msg_id Add_Wave-1 WARNING "No top level signals found. Simulator will start without a wave window. If you want to open a wave window go to 'File->New Waveform Configuration' or type 'create_wave_config' in the TCL console."
#   }
# }
# run 1000ns
INFO: [USF-XSim-96] XSim completed. Design snapshot 'semaforo1_tb_behav' loaded.
INFO: [USF-XSim-97] XSim simulation ran for 1000ns
launch_simulation: Time (s): cpu = 00:00:03 ; elapsed = 00:00:05 . Memory (MB): peak = 859.855 ; gain = 4.219
export_ip_user_files -of_objects  [get_files D:/Universidad/4/1/Semaforocruce/Semaforocruce.srcs/sources_1/new/semaforo_cruce.vhd] -no_script -reset -force -quiet
remove_files  D:/Universidad/4/1/Semaforocruce/Semaforocruce.srcs/sources_1/new/semaforo_cruce.vhd
export_ip_user_files -of_objects  [get_files D:/Universidad/4/1/sem1.vhd] -no_script -reset -force -quiet
remove_files  D:/Universidad/4/1/sem1.vhd
update_compile_order -fileset sources_1
add_files -norecurse D:/Universidad/4/1/sem1.vhd
update_compile_order -fileset sources_1
set_property top semaforocruce2_tb [get_filesets sim_1]
set_property top_lib xil_defaultlib [get_filesets sim_1]
update_compile_order -fileset sim_1
current_sim simulation_7
close_sim
INFO: [Simtcl 6-16] Simulation closed
launch_simulation
INFO: [Vivado 12-5682] Launching behavioral simulation in 'D:/Universidad/4/1/Semaforocruce/Semaforocruce.sim/sim_1/behav/xsim'
INFO: [SIM-utils-51] Simulation object is 'sim_1'
INFO: [SIM-utils-54] Inspecting design source files for 'semaforocruce2_tb' in fileset 'sim_1'...
INFO: [USF-XSim-97] Finding global include files...
INFO: [USF-XSim-98] Fetching design files from 'sim_1'...
INFO: [USF-XSim-2] XSim::Compile design
INFO: [USF-XSim-61] Executing 'COMPILE and ANALYZE' step in 'D:/Universidad/4/1/Semaforocruce/Semaforocruce.sim/sim_1/behav/xsim'
"xvhdl --incr --relax -prj semaforocruce2_tb_vhdl.prj"
INFO: [USF-XSim-69] 'compile' step finished in '1' seconds
INFO: [USF-XSim-3] XSim::Elaborate design
INFO: [USF-XSim-61] Executing 'ELABORATE' step in 'D:/Universidad/4/1/Semaforocruce/Semaforocruce.sim/sim_1/behav/xsim'
Vivado Simulator 2018.2
Copyright 1986-1999, 2001-2018 Xilinx, Inc. All Rights Reserved.
Running: C:/Xilinx/Vivado/2018.2/bin/unwrapped/win64.o/xelab.exe -wto a0427019e74e45bea18a302ae8751076 --incr --debug typical --relax --mt 2 -L xil_defaultlib -L secureip --snapshot semaforocruce2_tb_behav xil_defaultlib.semaforocruce2_tb -log elaborate.log 
Using 2 slave threads.
Starting static elaboration
Completed static elaboration
INFO: [XSIM 43-4323] No Change in HDL. Linking previously generated obj files to create kernel
INFO: [USF-XSim-69] 'elaborate' step finished in '2' seconds
INFO: [USF-XSim-4] XSim::Simulate design
INFO: [USF-XSim-61] Executing 'SIMULATE' step in 'D:/Universidad/4/1/Semaforocruce/Semaforocruce.sim/sim_1/behav/xsim'
INFO: [USF-XSim-98] *** Running xsim
   with args "semaforocruce2_tb_behav -key {Behavioral:sim_1:Functional:semaforocruce2_tb} -tclbatch {semaforocruce2_tb.tcl} -log {simulate.log}"
INFO: [USF-XSim-8] Loading simulator feature
Vivado Simulator 2018.2
Time resolution is 1 ps
source semaforocruce2_tb.tcl
# set curr_wave [current_wave_config]
# if { [string length $curr_wave] == 0 } {
#   if { [llength [get_objects]] > 0} {
#     add_wave /
#     set_property needs_save false [current_wave_config]
#   } else {
#      send_msg_id Add_Wave-1 WARNING "No top level signals found. Simulator will start without a wave window. If you want to open a wave window go to 'File->New Waveform Configuration' or type 'create_wave_config' in the TCL console."
#   }
# }
# run 1000ns
INFO: [USF-XSim-96] XSim completed. Design snapshot 'semaforocruce2_tb_behav' loaded.
INFO: [USF-XSim-97] XSim simulation ran for 1000ns
launch_simulation: Time (s): cpu = 00:00:05 ; elapsed = 00:00:06 . Memory (MB): peak = 868.203 ; gain = 0.000
close_sim
INFO: [Simtcl 6-16] Simulation closed
launch_simulation
INFO: [Vivado 12-5682] Launching behavioral simulation in 'D:/Universidad/4/1/Semaforocruce/Semaforocruce.sim/sim_1/behav/xsim'
INFO: [SIM-utils-51] Simulation object is 'sim_1'
INFO: [SIM-utils-54] Inspecting design source files for 'semaforocruce2_tb' in fileset 'sim_1'...
INFO: [USF-XSim-97] Finding global include files...
INFO: [USF-XSim-98] Fetching design files from 'sim_1'...
INFO: [USF-XSim-2] XSim::Compile design
INFO: [USF-XSim-61] Executing 'COMPILE and ANALYZE' step in 'D:/Universidad/4/1/Semaforocruce/Semaforocruce.sim/sim_1/behav/xsim'
"xvhdl --incr --relax -prj semaforocruce2_tb_vhdl.prj"
INFO: [VRFC 10-163] Analyzing VHDL file "D:/Universidad/4/1/Semaforocruce/Semaforocruce.srcs/sim_1/new/semaforocruce2_tb.vhd" into library xil_defaultlib
INFO: [VRFC 10-307] analyzing entity semaforocruce2_tb
INFO: [USF-XSim-69] 'compile' step finished in '2' seconds
INFO: [USF-XSim-3] XSim::Elaborate design
INFO: [USF-XSim-61] Executing 'ELABORATE' step in 'D:/Universidad/4/1/Semaforocruce/Semaforocruce.sim/sim_1/behav/xsim'
Vivado Simulator 2018.2
Copyright 1986-1999, 2001-2018 Xilinx, Inc. All Rights Reserved.
Running: C:/Xilinx/Vivado/2018.2/bin/unwrapped/win64.o/xelab.exe -wto a0427019e74e45bea18a302ae8751076 --incr --debug typical --relax --mt 2 -L xil_defaultlib -L secureip --snapshot semaforocruce2_tb_behav xil_defaultlib.semaforocruce2_tb -log elaborate.log 
Using 2 slave threads.
Starting static elaboration
Completed static elaboration
Starting simulation data flow analysis
Completed simulation data flow analysis
Time Resolution for simulation is 1ps
Compiling package std.standard
Compiling package std.textio
Compiling package ieee.std_logic_1164
Compiling package ieee.numeric_std
Compiling package unisim.vcomponents
Compiling package ieee.std_logic_arith
Compiling package ieee.std_logic_unsigned
Compiling architecture behavioral of entity xil_defaultlib.semaforocruce2 [semaforocruce2_default]
Compiling architecture behavioral of entity xil_defaultlib.semaforocruce2_tb
Built simulation snapshot semaforocruce2_tb_behav
INFO: [USF-XSim-69] 'elaborate' step finished in '2' seconds
INFO: [USF-XSim-4] XSim::Simulate design
INFO: [USF-XSim-61] Executing 'SIMULATE' step in 'D:/Universidad/4/1/Semaforocruce/Semaforocruce.sim/sim_1/behav/xsim'
INFO: [USF-XSim-98] *** Running xsim
   with args "semaforocruce2_tb_behav -key {Behavioral:sim_1:Functional:semaforocruce2_tb} -tclbatch {semaforocruce2_tb.tcl} -log {simulate.log}"
INFO: [USF-XSim-8] Loading simulator feature
Vivado Simulator 2018.2
Time resolution is 1 ps
source semaforocruce2_tb.tcl
# set curr_wave [current_wave_config]
# if { [string length $curr_wave] == 0 } {
#   if { [llength [get_objects]] > 0} {
#     add_wave /
#     set_property needs_save false [current_wave_config]
#   } else {
#      send_msg_id Add_Wave-1 WARNING "No top level signals found. Simulator will start without a wave window. If you want to open a wave window go to 'File->New Waveform Configuration' or type 'create_wave_config' in the TCL console."
#   }
# }
# run 1000ns
INFO: [USF-XSim-96] XSim completed. Design snapshot 'semaforocruce2_tb_behav' loaded.
INFO: [USF-XSim-97] XSim simulation ran for 1000ns
launch_simulation: Time (s): cpu = 00:00:04 ; elapsed = 00:00:06 . Memory (MB): peak = 868.203 ; gain = 0.000
run all
run: Time (s): cpu = 00:00:20 ; elapsed = 00:00:35 . Memory (MB): peak = 868.203 ; gain = 0.000
close_sim
INFO: [Simtcl 6-16] Simulation closed
launch_simulation
INFO: [Vivado 12-5682] Launching behavioral simulation in 'D:/Universidad/4/1/Semaforocruce/Semaforocruce.sim/sim_1/behav/xsim'
INFO: [SIM-utils-51] Simulation object is 'sim_1'
INFO: [SIM-utils-54] Inspecting design source files for 'semaforocruce2_tb' in fileset 'sim_1'...
INFO: [USF-XSim-97] Finding global include files...
INFO: [USF-XSim-98] Fetching design files from 'sim_1'...
INFO: [USF-XSim-2] XSim::Compile design
INFO: [USF-XSim-61] Executing 'COMPILE and ANALYZE' step in 'D:/Universidad/4/1/Semaforocruce/Semaforocruce.sim/sim_1/behav/xsim'
"xvhdl --incr --relax -prj semaforocruce2_tb_vhdl.prj"
INFO: [VRFC 10-163] Analyzing VHDL file "D:/Universidad/4/1/Semaforocruce/Semaforocruce.srcs/sim_1/new/semaforocruce2_tb.vhd" into library xil_defaultlib
INFO: [VRFC 10-307] analyzing entity semaforocruce2_tb
INFO: [USF-XSim-69] 'compile' step finished in '2' seconds
INFO: [USF-XSim-3] XSim::Elaborate design
INFO: [USF-XSim-61] Executing 'ELABORATE' step in 'D:/Universidad/4/1/Semaforocruce/Semaforocruce.sim/sim_1/behav/xsim'
Vivado Simulator 2018.2
Copyright 1986-1999, 2001-2018 Xilinx, Inc. All Rights Reserved.
Running: C:/Xilinx/Vivado/2018.2/bin/unwrapped/win64.o/xelab.exe -wto a0427019e74e45bea18a302ae8751076 --incr --debug typical --relax --mt 2 -L xil_defaultlib -L secureip --snapshot semaforocruce2_tb_behav xil_defaultlib.semaforocruce2_tb -log elaborate.log 
Using 2 slave threads.
Starting static elaboration
Completed static elaboration
Starting simulation data flow analysis
Completed simulation data flow analysis
Time Resolution for simulation is 1ps
Compiling package std.standard
Compiling package std.textio
Compiling package ieee.std_logic_1164
Compiling package ieee.numeric_std
Compiling package unisim.vcomponents
Compiling package ieee.std_logic_arith
Compiling package ieee.std_logic_unsigned
Compiling architecture behavioral of entity xil_defaultlib.semaforocruce2 [semaforocruce2_default]
Compiling architecture behavioral of entity xil_defaultlib.semaforocruce2_tb
Built simulation snapshot semaforocruce2_tb_behav
INFO: [USF-XSim-69] 'elaborate' step finished in '2' seconds
INFO: [USF-XSim-4] XSim::Simulate design
INFO: [USF-XSim-61] Executing 'SIMULATE' step in 'D:/Universidad/4/1/Semaforocruce/Semaforocruce.sim/sim_1/behav/xsim'
INFO: [USF-XSim-98] *** Running xsim
   with args "semaforocruce2_tb_behav -key {Behavioral:sim_1:Functional:semaforocruce2_tb} -tclbatch {semaforocruce2_tb.tcl} -log {simulate.log}"
INFO: [USF-XSim-8] Loading simulator feature
Vivado Simulator 2018.2
Time resolution is 1 ps
source semaforocruce2_tb.tcl
# set curr_wave [current_wave_config]
# if { [string length $curr_wave] == 0 } {
#   if { [llength [get_objects]] > 0} {
#     add_wave /
#     set_property needs_save false [current_wave_config]
#   } else {
#      send_msg_id Add_Wave-1 WARNING "No top level signals found. Simulator will start without a wave window. If you want to open a wave window go to 'File->New Waveform Configuration' or type 'create_wave_config' in the TCL console."
#   }
# }
# run 1000ns
INFO: [USF-XSim-96] XSim completed. Design snapshot 'semaforocruce2_tb_behav' loaded.
INFO: [USF-XSim-97] XSim simulation ran for 1000ns
launch_simulation: Time (s): cpu = 00:00:03 ; elapsed = 00:00:06 . Memory (MB): peak = 868.203 ; gain = 0.000
close_sim
INFO: [Simtcl 6-16] Simulation closed
launch_simulation
INFO: [Vivado 12-5682] Launching behavioral simulation in 'D:/Universidad/4/1/Semaforocruce/Semaforocruce.sim/sim_1/behav/xsim'
INFO: [SIM-utils-51] Simulation object is 'sim_1'
INFO: [SIM-utils-54] Inspecting design source files for 'semaforocruce2_tb' in fileset 'sim_1'...
INFO: [USF-XSim-97] Finding global include files...
INFO: [USF-XSim-98] Fetching design files from 'sim_1'...
INFO: [USF-XSim-2] XSim::Compile design
INFO: [USF-XSim-61] Executing 'COMPILE and ANALYZE' step in 'D:/Universidad/4/1/Semaforocruce/Semaforocruce.sim/sim_1/behav/xsim'
"xvhdl --incr --relax -prj semaforocruce2_tb_vhdl.prj"
INFO: [VRFC 10-163] Analyzing VHDL file "D:/Universidad/4/1/Semaforocruce/Semaforocruce.srcs/sim_1/new/semaforocruce2_tb.vhd" into library xil_defaultlib
INFO: [VRFC 10-307] analyzing entity semaforocruce2_tb
INFO: [USF-XSim-69] 'compile' step finished in '2' seconds
INFO: [USF-XSim-3] XSim::Elaborate design
INFO: [USF-XSim-61] Executing 'ELABORATE' step in 'D:/Universidad/4/1/Semaforocruce/Semaforocruce.sim/sim_1/behav/xsim'
Vivado Simulator 2018.2
Copyright 1986-1999, 2001-2018 Xilinx, Inc. All Rights Reserved.
Running: C:/Xilinx/Vivado/2018.2/bin/unwrapped/win64.o/xelab.exe -wto a0427019e74e45bea18a302ae8751076 --incr --debug typical --relax --mt 2 -L xil_defaultlib -L secureip --snapshot semaforocruce2_tb_behav xil_defaultlib.semaforocruce2_tb -log elaborate.log 
Using 2 slave threads.
Starting static elaboration
Completed static elaboration
Starting simulation data flow analysis
Completed simulation data flow analysis
Time Resolution for simulation is 1ps
Compiling package std.standard
Compiling package std.textio
Compiling package ieee.std_logic_1164
Compiling package ieee.numeric_std
Compiling package unisim.vcomponents
Compiling package ieee.std_logic_arith
Compiling package ieee.std_logic_unsigned
Compiling architecture behavioral of entity xil_defaultlib.semaforocruce2 [semaforocruce2_default]
Compiling architecture behavioral of entity xil_defaultlib.semaforocruce2_tb
Built simulation snapshot semaforocruce2_tb_behav
INFO: [USF-XSim-69] 'elaborate' step finished in '2' seconds
INFO: [USF-XSim-4] XSim::Simulate design
INFO: [USF-XSim-61] Executing 'SIMULATE' step in 'D:/Universidad/4/1/Semaforocruce/Semaforocruce.sim/sim_1/behav/xsim'
INFO: [USF-XSim-98] *** Running xsim
   with args "semaforocruce2_tb_behav -key {Behavioral:sim_1:Functional:semaforocruce2_tb} -tclbatch {semaforocruce2_tb.tcl} -log {simulate.log}"
INFO: [USF-XSim-8] Loading simulator feature
Vivado Simulator 2018.2
Time resolution is 1 ps
source semaforocruce2_tb.tcl
# set curr_wave [current_wave_config]
# if { [string length $curr_wave] == 0 } {
#   if { [llength [get_objects]] > 0} {
#     add_wave /
#     set_property needs_save false [current_wave_config]
#   } else {
#      send_msg_id Add_Wave-1 WARNING "No top level signals found. Simulator will start without a wave window. If you want to open a wave window go to 'File->New Waveform Configuration' or type 'create_wave_config' in the TCL console."
#   }
# }
# run 1000ns
INFO: [USF-XSim-96] XSim completed. Design snapshot 'semaforocruce2_tb_behav' loaded.
INFO: [USF-XSim-97] XSim simulation ran for 1000ns
launch_simulation: Time (s): cpu = 00:00:03 ; elapsed = 00:00:06 . Memory (MB): peak = 868.203 ; gain = 0.000
run all
run: Time (s): cpu = 00:00:56 ; elapsed = 00:00:55 . Memory (MB): peak = 868.203 ; gain = 0.000
run 2000 ns
close_sim
INFO: [Simtcl 6-16] Simulation closed
launch_simulation
INFO: [Vivado 12-5682] Launching behavioral simulation in 'D:/Universidad/4/1/Semaforocruce/Semaforocruce.sim/sim_1/behav/xsim'
INFO: [SIM-utils-51] Simulation object is 'sim_1'
INFO: [SIM-utils-54] Inspecting design source files for 'semaforocruce2_tb' in fileset 'sim_1'...
INFO: [USF-XSim-97] Finding global include files...
INFO: [USF-XSim-98] Fetching design files from 'sim_1'...
INFO: [USF-XSim-2] XSim::Compile design
INFO: [USF-XSim-61] Executing 'COMPILE and ANALYZE' step in 'D:/Universidad/4/1/Semaforocruce/Semaforocruce.sim/sim_1/behav/xsim'
"xvhdl --incr --relax -prj semaforocruce2_tb_vhdl.prj"
INFO: [USF-XSim-69] 'compile' step finished in '1' seconds
INFO: [USF-XSim-3] XSim::Elaborate design
INFO: [USF-XSim-61] Executing 'ELABORATE' step in 'D:/Universidad/4/1/Semaforocruce/Semaforocruce.sim/sim_1/behav/xsim'
Vivado Simulator 2018.2
Copyright 1986-1999, 2001-2018 Xilinx, Inc. All Rights Reserved.
Running: C:/Xilinx/Vivado/2018.2/bin/unwrapped/win64.o/xelab.exe -wto a0427019e74e45bea18a302ae8751076 --incr --debug typical --relax --mt 2 -L xil_defaultlib -L secureip --snapshot semaforocruce2_tb_behav xil_defaultlib.semaforocruce2_tb -log elaborate.log 
Using 2 slave threads.
Starting static elaboration
Completed static elaboration
INFO: [XSIM 43-4323] No Change in HDL. Linking previously generated obj files to create kernel
INFO: [USF-XSim-69] 'elaborate' step finished in '1' seconds
INFO: [USF-XSim-4] XSim::Simulate design
INFO: [USF-XSim-61] Executing 'SIMULATE' step in 'D:/Universidad/4/1/Semaforocruce/Semaforocruce.sim/sim_1/behav/xsim'
INFO: [USF-XSim-98] *** Running xsim
   with args "semaforocruce2_tb_behav -key {Behavioral:sim_1:Functional:semaforocruce2_tb} -tclbatch {semaforocruce2_tb.tcl} -log {simulate.log}"
INFO: [USF-XSim-8] Loading simulator feature
Vivado Simulator 2018.2
Time resolution is 1 ps
source semaforocruce2_tb.tcl
# set curr_wave [current_wave_config]
# if { [string length $curr_wave] == 0 } {
#   if { [llength [get_objects]] > 0} {
#     add_wave /
#     set_property needs_save false [current_wave_config]
#   } else {
#      send_msg_id Add_Wave-1 WARNING "No top level signals found. Simulator will start without a wave window. If you want to open a wave window go to 'File->New Waveform Configuration' or type 'create_wave_config' in the TCL console."
#   }
# }
# run 1000ns
INFO: [USF-XSim-96] XSim completed. Design snapshot 'semaforocruce2_tb_behav' loaded.
INFO: [USF-XSim-97] XSim simulation ran for 1000ns
launch_simulation: Time (s): cpu = 00:00:03 ; elapsed = 00:00:05 . Memory (MB): peak = 871.852 ; gain = 0.000
set_property -name {xsim.simulate.runtime} -value {2000ns} -objects [get_filesets sim_1]
update_ip_catalog
WARNING: [filemgmt 56-199] Attempt to get parsing info during refresh. "On-the-fly" syntax checking information may be incorrect. [D:/Universidad/4/1/Semaforocruce/Semaforocruce.srcs/sources_1/new/semaforocruce2.vhd:]
WARNING: [filemgmt 56-199] Attempt to get parsing info during refresh. "On-the-fly" syntax checking information may be incorrect. [D:/Universidad/4/1/sem1.vhd:]
WARNING: [filemgmt 56-199] Attempt to get parsing info during refresh. "On-the-fly" syntax checking information may be incorrect. [D:/Universidad/4/1/semaforo1_tb.vhd:]
WARNING: [filemgmt 56-199] Attempt to get parsing info during refresh. "On-the-fly" syntax checking information may be incorrect. [D:/Universidad/4/1/Semaforocruce/Semaforocruce.srcs/sim_1/new/semaforocruce2_tb.vhd:]
WARNING: [filemgmt 56-199] Attempt to get parsing info during refresh. "On-the-fly" syntax checking information may be incorrect. [D:/Universidad/4/1/Semaforocruce/Semaforocruce.srcs/sources_1/new/semaforocruce2.vhd:]
WARNING: [filemgmt 56-199] Attempt to get parsing info during refresh. "On-the-fly" syntax checking information may be incorrect. [D:/Universidad/4/1/sem1.vhd:]
WARNING: [filemgmt 56-199] Attempt to get parsing info during refresh. "On-the-fly" syntax checking information may be incorrect. [D:/Universidad/4/1/semaforo1_tb.vhd:]
WARNING: [filemgmt 56-199] Attempt to get parsing info during refresh. "On-the-fly" syntax checking information may be incorrect. [D:/Universidad/4/1/Semaforocruce/Semaforocruce.srcs/sim_1/new/semaforocruce2_tb.vhd:]
WARNING: [filemgmt 56-199] Attempt to get parsing info during refresh. "On-the-fly" syntax checking information may be incorrect. [D:/Universidad/4/1/Semaforocruce/Semaforocruce.srcs/sources_1/new/semaforocruce2.vhd:]
WARNING: [filemgmt 56-199] Attempt to get parsing info during refresh. "On-the-fly" syntax checking information may be incorrect. [D:/Universidad/4/1/sem1.vhd:]
WARNING: [filemgmt 56-199] Attempt to get parsing info during refresh. "On-the-fly" syntax checking information may be incorrect. [D:/Universidad/4/1/semaforo1_tb.vhd:]
WARNING: [filemgmt 56-199] Attempt to get parsing info during refresh. "On-the-fly" syntax checking information may be incorrect. [D:/Universidad/4/1/Semaforocruce/Semaforocruce.srcs/sim_1/new/semaforocruce2_tb.vhd:]
close_sim
INFO: [Simtcl 6-16] Simulation closed
launch_simulation
INFO: [Vivado 12-5682] Launching behavioral simulation in 'D:/Universidad/4/1/Semaforocruce/Semaforocruce.sim/sim_1/behav/xsim'
INFO: [SIM-utils-51] Simulation object is 'sim_1'
INFO: [SIM-utils-54] Inspecting design source files for 'semaforocruce2_tb' in fileset 'sim_1'...
INFO: [USF-XSim-97] Finding global include files...
INFO: [USF-XSim-98] Fetching design files from 'sim_1'...
INFO: [USF-XSim-2] XSim::Compile design
INFO: [USF-XSim-61] Executing 'COMPILE and ANALYZE' step in 'D:/Universidad/4/1/Semaforocruce/Semaforocruce.sim/sim_1/behav/xsim'
"xvhdl --incr --relax -prj semaforocruce2_tb_vhdl.prj"
INFO: [USF-XSim-69] 'compile' step finished in '2' seconds
INFO: [USF-XSim-3] XSim::Elaborate design
INFO: [USF-XSim-61] Executing 'ELABORATE' step in 'D:/Universidad/4/1/Semaforocruce/Semaforocruce.sim/sim_1/behav/xsim'
Vivado Simulator 2018.2
Copyright 1986-1999, 2001-2018 Xilinx, Inc. All Rights Reserved.
Running: C:/Xilinx/Vivado/2018.2/bin/unwrapped/win64.o/xelab.exe -wto a0427019e74e45bea18a302ae8751076 --incr --debug typical --relax --mt 2 -L xil_defaultlib -L secureip --snapshot semaforocruce2_tb_behav xil_defaultlib.semaforocruce2_tb -log elaborate.log 
Using 2 slave threads.
Starting static elaboration
Completed static elaboration
INFO: [XSIM 43-4323] No Change in HDL. Linking previously generated obj files to create kernel
INFO: [USF-XSim-69] 'elaborate' step finished in '1' seconds
INFO: [USF-XSim-4] XSim::Simulate design
INFO: [USF-XSim-61] Executing 'SIMULATE' step in 'D:/Universidad/4/1/Semaforocruce/Semaforocruce.sim/sim_1/behav/xsim'
INFO: [USF-XSim-98] *** Running xsim
   with args "semaforocruce2_tb_behav -key {Behavioral:sim_1:Functional:semaforocruce2_tb} -tclbatch {semaforocruce2_tb.tcl} -log {simulate.log}"
INFO: [USF-XSim-8] Loading simulator feature
Vivado Simulator 2018.2
Time resolution is 1 ps
source semaforocruce2_tb.tcl
# set curr_wave [current_wave_config]
# if { [string length $curr_wave] == 0 } {
#   if { [llength [get_objects]] > 0} {
#     add_wave /
#     set_property needs_save false [current_wave_config]
#   } else {
#      send_msg_id Add_Wave-1 WARNING "No top level signals found. Simulator will start without a wave window. If you want to open a wave window go to 'File->New Waveform Configuration' or type 'create_wave_config' in the TCL console."
#   }
# }
# run 2000ns
INFO: [USF-XSim-96] XSim completed. Design snapshot 'semaforocruce2_tb_behav' loaded.
INFO: [USF-XSim-97] XSim simulation ran for 2000ns
launch_simulation: Time (s): cpu = 00:00:05 ; elapsed = 00:00:05 . Memory (MB): peak = 886.281 ; gain = 0.000
set_property -name {xsim.simulate.runtime} -value {4000ns} -objects [get_filesets sim_1]
update_ip_catalog
close_sim
INFO: [Simtcl 6-16] Simulation closed
launch_simulation
INFO: [Vivado 12-5682] Launching behavioral simulation in 'D:/Universidad/4/1/Semaforocruce/Semaforocruce.sim/sim_1/behav/xsim'
INFO: [SIM-utils-51] Simulation object is 'sim_1'
INFO: [SIM-utils-54] Inspecting design source files for 'semaforocruce2_tb' in fileset 'sim_1'...
INFO: [USF-XSim-97] Finding global include files...
INFO: [USF-XSim-98] Fetching design files from 'sim_1'...
INFO: [USF-XSim-2] XSim::Compile design
INFO: [USF-XSim-61] Executing 'COMPILE and ANALYZE' step in 'D:/Universidad/4/1/Semaforocruce/Semaforocruce.sim/sim_1/behav/xsim'
"xvhdl --incr --relax -prj semaforocruce2_tb_vhdl.prj"
INFO: [USF-XSim-69] 'compile' step finished in '1' seconds
INFO: [USF-XSim-3] XSim::Elaborate design
INFO: [USF-XSim-61] Executing 'ELABORATE' step in 'D:/Universidad/4/1/Semaforocruce/Semaforocruce.sim/sim_1/behav/xsim'
Vivado Simulator 2018.2
Copyright 1986-1999, 2001-2018 Xilinx, Inc. All Rights Reserved.
Running: C:/Xilinx/Vivado/2018.2/bin/unwrapped/win64.o/xelab.exe -wto a0427019e74e45bea18a302ae8751076 --incr --debug typical --relax --mt 2 -L xil_defaultlib -L secureip --snapshot semaforocruce2_tb_behav xil_defaultlib.semaforocruce2_tb -log elaborate.log 
Using 2 slave threads.
Starting static elaboration
Completed static elaboration
INFO: [XSIM 43-4323] No Change in HDL. Linking previously generated obj files to create kernel
INFO: [USF-XSim-69] 'elaborate' step finished in '2' seconds
INFO: [USF-XSim-4] XSim::Simulate design
INFO: [USF-XSim-61] Executing 'SIMULATE' step in 'D:/Universidad/4/1/Semaforocruce/Semaforocruce.sim/sim_1/behav/xsim'
INFO: [USF-XSim-98] *** Running xsim
   with args "semaforocruce2_tb_behav -key {Behavioral:sim_1:Functional:semaforocruce2_tb} -tclbatch {semaforocruce2_tb.tcl} -log {simulate.log}"
INFO: [USF-XSim-8] Loading simulator feature
Vivado Simulator 2018.2
Time resolution is 1 ps
source semaforocruce2_tb.tcl
# set curr_wave [current_wave_config]
# if { [string length $curr_wave] == 0 } {
#   if { [llength [get_objects]] > 0} {
#     add_wave /
#     set_property needs_save false [current_wave_config]
#   } else {
#      send_msg_id Add_Wave-1 WARNING "No top level signals found. Simulator will start without a wave window. If you want to open a wave window go to 'File->New Waveform Configuration' or type 'create_wave_config' in the TCL console."
#   }
# }
# run 4000ns
INFO: [USF-XSim-96] XSim completed. Design snapshot 'semaforocruce2_tb_behav' loaded.
INFO: [USF-XSim-97] XSim simulation ran for 4000ns
launch_simulation: Time (s): cpu = 00:00:03 ; elapsed = 00:00:05 . Memory (MB): peak = 961.199 ; gain = 0.238
close_sim
INFO: [Simtcl 6-16] Simulation closed
close_sim
INFO: [Simtcl 6-16] Simulation closed
exit
INFO: [Common 17-206] Exiting Vivado at Mon Jan 21 03:06:07 2019...
