#-----------------------------------------------------------
# Vivado v2018.2 (64-bit)
# SW Build 2258646 on Thu Jun 14 20:03:12 MDT 2018
# IP Build 2256618 on Thu Jun 14 22:10:49 MDT 2018
# Start of session at: Mon Jan  7 21:03:19 2019
# Process ID: 7796
# Current directory: D:/Universidad/4/1/Semaforocruce
# Command line: vivado.exe -gui_launcher_event rodinguilauncherevent5624 D:\Universidad\4\1\Semaforocruce\Semaforocruce.xpr
# Log file: D:/Universidad/4/1/Semaforocruce/vivado.log
# Journal file: D:/Universidad/4/1/Semaforocruce\vivado.jou
#-----------------------------------------------------------
start_gui
open_project D:/Universidad/4/1/Semaforocruce/Semaforocruce.xpr
Scanning sources...
Finished scanning sources
INFO: [IP_Flow 19-234] Refreshing IP repositories
INFO: [IP_Flow 19-1704] No user IP repositories specified
INFO: [IP_Flow 19-2313] Loaded Vivado IP repository 'C:/Xilinx/Vivado/2018.2/data/ip'.
update_compile_order -fileset sources_1
close [ open D:/Universidad/4/1/Semaforocruce/Semaforocruce.srcs/sources_1/new/semaforocruce2.vhd w ]
add_files D:/Universidad/4/1/Semaforocruce/Semaforocruce.srcs/sources_1/new/semaforocruce2.vhd
update_compile_order -fileset sources_1
exit
INFO: [Common 17-206] Exiting Vivado at Tue Jan  8 10:54:56 2019...
